<?xml version="1.0" encoding="UTF-8"?>
<coverage generated="1615711033169" clover="3.2.0">
  <project timestamp="1615711033170" name="All files">
    <metrics statements="70" coveredstatements="59" conditionals="59" coveredconditionals="34" methods="16" coveredmethods="12" elements="145" coveredelements="105" complexity="0" loc="70" ncloc="70" packages="4" files="6" classes="6"/>
    <package name="FE_Okadoc_RN">
      <metrics statements="16" coveredstatements="7" conditionals="47" coveredconditionals="24" methods="5" coveredmethods="2"/>
      <file name="App.js" path="/home/fandy/CODING/PROJECTS/FE_Okadoc_RN/App.js">
        <metrics statements="16" coveredstatements="7" conditionals="47" coveredconditionals="24" methods="5" coveredmethods="2"/>
        <line num="9" count="1" type="stmt"/>
        <line num="10" count="1" type="stmt"/>
        <line num="12" count="1" type="stmt"/>
        <line num="13" count="1" type="stmt"/>
        <line num="14" count="1" type="stmt"/>
        <line num="16" count="1" type="stmt"/>
        <line num="35" count="1" type="stmt"/>
        <line num="42" count="0" type="cond" truecount="0" falsecount="5"/>
        <line num="43" count="0" type="stmt"/>
        <line num="44" count="0" type="stmt"/>
        <line num="46" count="0" type="stmt"/>
        <line num="59" count="0" type="stmt"/>
        <line num="67" count="0" type="stmt"/>
        <line num="68" count="0" type="stmt"/>
        <line num="69" count="0" type="stmt"/>
        <line num="70" count="0" type="stmt"/>
      </file>
    </package>
    <package name="FE_Okadoc_RN.components">
      <metrics statements="19" coveredstatements="17" conditionals="4" coveredconditionals="2" methods="6" coveredmethods="5"/>
      <file name="FlatListComponent.js" path="/home/fandy/CODING/PROJECTS/FE_Okadoc_RN/components/FlatListComponent.js">
        <metrics statements="8" coveredstatements="6" conditionals="2" coveredconditionals="1" methods="4" coveredmethods="3"/>
        <line num="5" count="1" type="stmt"/>
        <line num="7" count="1" type="stmt"/>
        <line num="8" count="1" type="stmt"/>
        <line num="11" count="1" type="stmt"/>
        <line num="15" count="4" type="stmt"/>
        <line num="17" count="4" type="stmt"/>
        <line num="21" count="0" type="stmt"/>
        <line num="22" count="0" type="stmt"/>
      </file>
      <file name="TextInputComponent.js" path="/home/fandy/CODING/PROJECTS/FE_Okadoc_RN/components/TextInputComponent.js">
        <metrics statements="7" coveredstatements="7" conditionals="0" coveredconditionals="0" methods="1" coveredmethods="1"/>
        <line num="7" count="1" type="stmt"/>
        <line num="9" count="1" type="stmt"/>
        <line num="11" count="3" type="stmt"/>
        <line num="12" count="3" type="stmt"/>
        <line num="13" count="3" type="stmt"/>
        <line num="15" count="3" type="stmt"/>
        <line num="29" count="1" type="stmt"/>
      </file>
      <file name="TouchableOpacityComponent.js" path="/home/fandy/CODING/PROJECTS/FE_Okadoc_RN/components/TouchableOpacityComponent.js">
        <metrics statements="4" coveredstatements="4" conditionals="2" coveredconditionals="1" methods="1" coveredmethods="1"/>
        <line num="6" count="1" type="stmt"/>
        <line num="7" count="4" type="cond" truecount="1" falsecount="1"/>
        <line num="8" count="4" type="stmt"/>
        <line num="22" count="1" type="stmt"/>
      </file>
    </package>
    <package name="FE_Okadoc_RN.constans">
      <metrics statements="2" coveredstatements="2" conditionals="0" coveredconditionals="0" methods="0" coveredmethods="0"/>
      <file name="general.js" path="/home/fandy/CODING/PROJECTS/FE_Okadoc_RN/constans/general.js">
        <metrics statements="2" coveredstatements="2" conditionals="0" coveredconditionals="0" methods="0" coveredmethods="0"/>
        <line num="3" count="1" type="stmt"/>
        <line num="26" count="1" type="stmt"/>
      </file>
    </package>
    <package name="FE_Okadoc_RN.utils">
      <metrics statements="33" coveredstatements="33" conditionals="8" coveredconditionals="8" methods="5" coveredmethods="5"/>
      <file name="helper.js" path="/home/fandy/CODING/PROJECTS/FE_Okadoc_RN/utils/helper.js">
        <metrics statements="33" coveredstatements="33" conditionals="8" coveredconditionals="8" methods="5" coveredmethods="5"/>
        <line num="3" count="5" type="stmt"/>
        <line num="5" count="5" type="stmt"/>
        <line num="7" count="5" type="stmt"/>
        <line num="8" count="5" type="stmt"/>
        <line num="9" count="5" type="stmt"/>
        <line num="10" count="5" type="stmt"/>
        <line num="11" count="5" type="stmt"/>
        <line num="13" count="8" type="stmt"/>
        <line num="14" count="8" type="cond" truecount="2" falsecount="0"/>
        <line num="15" count="2" type="stmt"/>
        <line num="16" count="2" type="stmt"/>
        <line num="17" count="2" type="stmt"/>
        <line num="18" count="2" type="stmt"/>
        <line num="19" count="2" type="stmt"/>
        <line num="20" count="2" type="stmt"/>
        <line num="21" count="6" type="stmt"/>
        <line num="22" count="6" type="stmt"/>
        <line num="23" count="6" type="stmt"/>
        <line num="24" count="6" type="stmt"/>
        <line num="25" count="6" type="stmt"/>
        <line num="28" count="5" type="stmt"/>
        <line num="29" count="8" type="stmt"/>
        <line num="30" count="5" type="cond" truecount="2" falsecount="0"/>
        <line num="31" count="1" type="stmt"/>
        <line num="34" count="7" type="stmt"/>
        <line num="37" count="5" type="stmt"/>
        <line num="39" count="2" type="stmt"/>
        <line num="40" count="2" type="stmt"/>
        <line num="41" count="2" type="stmt"/>
        <line num="42" count="6" type="cond" truecount="2" falsecount="0"/>
        <line num="43" count="6" type="cond" truecount="2" falsecount="0"/>
        <line num="45" count="2" type="stmt"/>
        <line num="48" count="5" type="stmt"/>
      </file>
    </package>
  </project>
</coverage>
