{"/home/fandy/CODING/PROJECTS/FE_Okadoc_RN/App.js": {"path":"/home/fandy/CODING/PROJECTS/FE_Okadoc_RN/App.js","statementMap":{"0":{"start":{"line":9,"column":12},"end":{"line":9,"column":19}},"1":{"start":{"line":10,"column":19},"end":{"line":76,"column":1}},"2":{"start":{"line":12,"column":23},"end":{"line":12,"column":35}},"3":{"start":{"line":13,"column":31},"end":{"line":13,"column":42}},"4":{"start":{"line":14,"column":31},"end":{"line":14,"column":42}},"5":{"start":{"line":16,"column":4},"end":{"line":75,"column":5}},"6":{"start":{"line":35,"column":34},"end":{"line":35,"column":46}},"7":{"start":{"line":42,"column":24},"end":{"line":45,"column":25}},"8":{"start":{"line":43,"column":26},"end":{"line":43,"column":55}},"9":{"start":{"line":44,"column":26},"end":{"line":44,"column":62}},"10":{"start":{"line":46,"column":24},"end":{"line":46,"column":41}},"11":{"start":{"line":59,"column":24},"end":{"line":59,"column":41}},"12":{"start":{"line":67,"column":24},"end":{"line":67,"column":36}},"13":{"start":{"line":68,"column":24},"end":{"line":68,"column":36}},"14":{"start":{"line":69,"column":24},"end":{"line":69,"column":36}},"15":{"start":{"line":70,"column":24},"end":{"line":70,"column":33}}},"fnMap":{"0":{"name":"(anonymous_0)","decl":{"start":{"line":10,"column":19},"end":{"line":10,"column":20}},"loc":{"start":{"line":10,"column":30},"end":{"line":76,"column":1}},"line":10},"1":{"name":"(anonymous_1)","decl":{"start":{"line":35,"column":26},"end":{"line":35,"column":27}},"loc":{"start":{"line":35,"column":34},"end":{"line":35,"column":46}},"line":35},"2":{"name":"(anonymous_2)","decl":{"start":{"line":41,"column":34},"end":{"line":41,"column":35}},"loc":{"start":{"line":41,"column":43},"end":{"line":47,"column":23}},"line":41},"3":{"name":"(anonymous_3)","decl":{"start":{"line":58,"column":34},"end":{"line":58,"column":35}},"loc":{"start":{"line":58,"column":43},"end":{"line":60,"column":23}},"line":58},"4":{"name":"(anonymous_4)","decl":{"start":{"line":66,"column":58},"end":{"line":66,"column":59}},"loc":{"start":{"line":66,"column":64},"end":{"line":71,"column":22}},"line":66}},"branchMap":{"0":{"loc":{"start":{"line":23,"column":33},"end":{"line":23,"column":76}},"type":"cond-expr","locations":[{"start":{"line":23,"column":42},"end":{"line":23,"column":65}},{"start":{"line":23,"column":68},"end":{"line":23,"column":76}}],"line":23},"1":{"loc":{"start":{"line":27,"column":37},"end":{"line":27,"column":66}},"type":"cond-expr","locations":[{"start":{"line":27,"column":58},"end":{"line":27,"column":61}},{"start":{"line":27,"column":64},"end":{"line":27,"column":66}}],"line":27},"2":{"loc":{"start":{"line":27,"column":38},"end":{"line":27,"column":54}},"type":"binary-expr","locations":[{"start":{"line":27,"column":38},"end":{"line":27,"column":44}},{"start":{"line":27,"column":48},"end":{"line":27,"column":54}}],"line":27},"3":{"loc":{"start":{"line":31,"column":17},"end":{"line":31,"column":234}},"type":"cond-expr","locations":[{"start":{"line":31,"column":49},"end":{"line":31,"column":67}},{"start":{"line":31,"column":70},"end":{"line":31,"column":234}}],"line":31},"4":{"loc":{"start":{"line":31,"column":18},"end":{"line":31,"column":44}},"type":"binary-expr","locations":[{"start":{"line":31,"column":18},"end":{"line":31,"column":24}},{"start":{"line":31,"column":28},"end":{"line":31,"column":34}},{"start":{"line":31,"column":38},"end":{"line":31,"column":44}}],"line":31},"5":{"loc":{"start":{"line":31,"column":70},"end":{"line":31,"column":234}},"type":"cond-expr","locations":[{"start":{"line":31,"column":100},"end":{"line":31,"column":123}},{"start":{"line":31,"column":126},"end":{"line":31,"column":234}}],"line":31},"6":{"loc":{"start":{"line":31,"column":71},"end":{"line":31,"column":97}},"type":"binary-expr","locations":[{"start":{"line":31,"column":71},"end":{"line":31,"column":77}},{"start":{"line":31,"column":81},"end":{"line":31,"column":87}},{"start":{"line":31,"column":91},"end":{"line":31,"column":97}}],"line":31},"7":{"loc":{"start":{"line":31,"column":126},"end":{"line":31,"column":234}},"type":"cond-expr","locations":[{"start":{"line":31,"column":146},"end":{"line":31,"column":159}},{"start":{"line":31,"column":161},"end":{"line":31,"column":234}}],"line":31},"8":{"loc":{"start":{"line":31,"column":127},"end":{"line":31,"column":143}},"type":"binary-expr","locations":[{"start":{"line":31,"column":127},"end":{"line":31,"column":133}},{"start":{"line":31,"column":137},"end":{"line":31,"column":143}}],"line":31},"9":{"loc":{"start":{"line":31,"column":161},"end":{"line":31,"column":234}},"type":"cond-expr","locations":[{"start":{"line":31,"column":181},"end":{"line":31,"column":198}},{"start":{"line":31,"column":200},"end":{"line":31,"column":234}}],"line":31},"10":{"loc":{"start":{"line":31,"column":162},"end":{"line":31,"column":178}},"type":"binary-expr","locations":[{"start":{"line":31,"column":162},"end":{"line":31,"column":168}},{"start":{"line":31,"column":172},"end":{"line":31,"column":178}}],"line":31},"11":{"loc":{"start":{"line":31,"column":200},"end":{"line":31,"column":234}},"type":"binary-expr","locations":[{"start":{"line":31,"column":200},"end":{"line":31,"column":207}},{"start":{"line":31,"column":211},"end":{"line":31,"column":234}}],"line":31},"12":{"loc":{"start":{"line":36,"column":33},"end":{"line":36,"column":75}},"type":"cond-expr","locations":[{"start":{"line":36,"column":42},"end":{"line":36,"column":65}},{"start":{"line":36,"column":68},"end":{"line":36,"column":75}}],"line":36},"13":{"loc":{"start":{"line":39,"column":31},"end":{"line":39,"column":58}},"type":"cond-expr","locations":[{"start":{"line":39,"column":52},"end":{"line":39,"column":53}},{"start":{"line":39,"column":56},"end":{"line":39,"column":58}}],"line":39},"14":{"loc":{"start":{"line":39,"column":32},"end":{"line":39,"column":48}},"type":"binary-expr","locations":[{"start":{"line":39,"column":32},"end":{"line":39,"column":38}},{"start":{"line":39,"column":42},"end":{"line":39,"column":48}}],"line":39},"15":{"loc":{"start":{"line":42,"column":24},"end":{"line":45,"column":25}},"type":"if","locations":[{"start":{"line":42,"column":24},"end":{"line":45,"column":25}},{"start":{"line":42,"column":24},"end":{"line":45,"column":25}}],"line":42},"16":{"loc":{"start":{"line":42,"column":27},"end":{"line":42,"column":70}},"type":"binary-expr","locations":[{"start":{"line":42,"column":27},"end":{"line":42,"column":47}},{"start":{"line":42,"column":52},"end":{"line":42,"column":58}},{"start":{"line":42,"column":62},"end":{"line":42,"column":68}}],"line":42},"17":{"loc":{"start":{"line":53,"column":33},"end":{"line":53,"column":76}},"type":"cond-expr","locations":[{"start":{"line":53,"column":43},"end":{"line":53,"column":66}},{"start":{"line":53,"column":69},"end":{"line":53,"column":76}}],"line":53},"18":{"loc":{"start":{"line":54,"column":27},"end":{"line":54,"column":58}},"type":"cond-expr","locations":[{"start":{"line":54,"column":48},"end":{"line":54,"column":49}},{"start":{"line":54,"column":52},"end":{"line":54,"column":58}}],"line":54},"19":{"loc":{"start":{"line":54,"column":28},"end":{"line":54,"column":44}},"type":"binary-expr","locations":[{"start":{"line":54,"column":28},"end":{"line":54,"column":34}},{"start":{"line":54,"column":38},"end":{"line":54,"column":44}}],"line":54},"20":{"loc":{"start":{"line":56,"column":37},"end":{"line":56,"column":64}},"type":"cond-expr","locations":[{"start":{"line":56,"column":58},"end":{"line":56,"column":59}},{"start":{"line":56,"column":62},"end":{"line":56,"column":64}}],"line":56},"21":{"loc":{"start":{"line":56,"column":38},"end":{"line":56,"column":54}},"type":"binary-expr","locations":[{"start":{"line":56,"column":38},"end":{"line":56,"column":44}},{"start":{"line":56,"column":48},"end":{"line":56,"column":54}}],"line":56}},"s":{"0":1,"1":1,"2":1,"3":1,"4":1,"5":1,"6":1,"7":0,"8":0,"9":0,"10":0,"11":0,"12":0,"13":0,"14":0,"15":0},"f":{"0":1,"1":1,"2":0,"3":0,"4":0},"b":{"0":[0,1],"1":[0,1],"2":[1,1],"3":[0,1],"4":[1,0,0],"5":[0,1],"6":[1,0,0],"7":[0,1],"8":[1,0],"9":[0,1],"10":[1,0],"11":[1,0],"12":[0,1],"13":[0,1],"14":[1,1],"15":[0,0],"16":[0,0,0],"17":[0,1],"18":[0,1],"19":[1,1],"20":[0,1],"21":[1,1]},"_coverageSchema":"1a1c01bbd47fc00a2c39e90264f33305004495a9","hash":"f37b31e23298a05b61400c23dd89d3a126353867"}
,"/home/fandy/CODING/PROJECTS/FE_Okadoc_RN/components/FlatListComponent.js": {"path":"/home/fandy/CODING/PROJECTS/FE_Okadoc_RN/components/FlatListComponent.js","statementMap":{"0":{"start":{"line":5,"column":13},"end":{"line":5,"column":20}},"1":{"start":{"line":7,"column":26},"end":{"line":33,"column":1}},"2":{"start":{"line":8,"column":38},"end":{"line":8,"column":52}},"3":{"start":{"line":11,"column":2},"end":{"line":32,"column":3}},"4":{"start":{"line":15,"column":30},"end":{"line":15,"column":37}},"5":{"start":{"line":17,"column":16},"end":{"line":28,"column":18}},"6":{"start":{"line":21,"column":24},"end":{"line":21,"column":46}},"7":{"start":{"line":22,"column":24},"end":{"line":22,"column":47}}},"fnMap":{"0":{"name":"(anonymous_0)","decl":{"start":{"line":7,"column":26},"end":{"line":7,"column":27}},"loc":{"start":{"line":7,"column":37},"end":{"line":33,"column":1}},"line":7},"1":{"name":"(anonymous_1)","decl":{"start":{"line":15,"column":22},"end":{"line":15,"column":23}},"loc":{"start":{"line":15,"column":30},"end":{"line":15,"column":37}},"line":15},"2":{"name":"(anonymous_2)","decl":{"start":{"line":16,"column":22},"end":{"line":16,"column":23}},"loc":{"start":{"line":17,"column":16},"end":{"line":28,"column":18}},"line":17},"3":{"name":"(anonymous_3)","decl":{"start":{"line":20,"column":29},"end":{"line":20,"column":30}},"loc":{"start":{"line":20,"column":35},"end":{"line":24,"column":23}},"line":20}},"branchMap":{"0":{"loc":{"start":{"line":18,"column":39},"end":{"line":18,"column":83}},"type":"cond-expr","locations":[{"start":{"line":18,"column":64},"end":{"line":18,"column":71}},{"start":{"line":18,"column":74},"end":{"line":18,"column":83}}],"line":18}},"s":{"0":1,"1":1,"2":1,"3":1,"4":4,"5":4,"6":0,"7":0},"f":{"0":1,"1":4,"2":4,"3":0},"b":{"0":[0,4]},"_coverageSchema":"1a1c01bbd47fc00a2c39e90264f33305004495a9","hash":"ba3f47d90123bb011405d8f1532efc37f3c0bd6f"}
,"/home/fandy/CODING/PROJECTS/FE_Okadoc_RN/components/TextInputComponent.js": {"path":"/home/fandy/CODING/PROJECTS/FE_Okadoc_RN/components/TextInputComponent.js","statementMap":{"0":{"start":{"line":7,"column":12},"end":{"line":7,"column":19}},"1":{"start":{"line":9,"column":27},"end":{"line":28,"column":1}},"2":{"start":{"line":11,"column":14},"end":{"line":11,"column":25}},"3":{"start":{"line":12,"column":15},"end":{"line":12,"column":27}},"4":{"start":{"line":13,"column":24},"end":{"line":13,"column":45}},"5":{"start":{"line":15,"column":4},"end":{"line":27,"column":5}},"6":{"start":{"line":29,"column":15},"end":{"line":39,"column":1}}},"fnMap":{"0":{"name":"(anonymous_0)","decl":{"start":{"line":9,"column":27},"end":{"line":9,"column":28}},"loc":{"start":{"line":9,"column":38},"end":{"line":28,"column":1}},"line":9}},"branchMap":{},"s":{"0":1,"1":1,"2":3,"3":3,"4":3,"5":3,"6":1},"f":{"0":3},"b":{},"_coverageSchema":"1a1c01bbd47fc00a2c39e90264f33305004495a9","hash":"a30c877d7b12f2fc94275a70669c3313b6bf3b98"}
,"/home/fandy/CODING/PROJECTS/FE_Okadoc_RN/components/TouchableOpacityComponent.js": {"path":"/home/fandy/CODING/PROJECTS/FE_Okadoc_RN/components/TouchableOpacityComponent.js","statementMap":{"0":{"start":{"line":6,"column":34},"end":{"line":20,"column":1}},"1":{"start":{"line":7,"column":26},"end":{"line":7,"column":60}},"2":{"start":{"line":8,"column":4},"end":{"line":19,"column":5}},"3":{"start":{"line":22,"column":15},"end":{"line":36,"column":1}}},"fnMap":{"0":{"name":"(anonymous_0)","decl":{"start":{"line":6,"column":34},"end":{"line":6,"column":35}},"loc":{"start":{"line":6,"column":45},"end":{"line":20,"column":1}},"line":6}},"branchMap":{"0":{"loc":{"start":{"line":7,"column":26},"end":{"line":7,"column":60}},"type":"binary-expr","locations":[{"start":{"line":7,"column":26},"end":{"line":7,"column":47}},{"start":{"line":7,"column":51},"end":{"line":7,"column":60}}],"line":7}},"s":{"0":1,"1":4,"2":4,"3":1},"f":{"0":4},"b":{"0":[4,0]},"_coverageSchema":"1a1c01bbd47fc00a2c39e90264f33305004495a9","hash":"67677912a35410d7336e0c28ea5207f6627e1b04"}
,"/home/fandy/CODING/PROJECTS/FE_Okadoc_RN/constans/general.js": {"path":"/home/fandy/CODING/PROJECTS/FE_Okadoc_RN/constans/general.js","statementMap":{"0":{"start":{"line":3,"column":13},"end":{"line":24,"column":3}},"1":{"start":{"line":26,"column":2},"end":{"line":26,"column":23}}},"fnMap":{},"branchMap":{},"s":{"0":1,"1":1},"f":{},"b":{},"_coverageSchema":"1a1c01bbd47fc00a2c39e90264f33305004495a9","hash":"d6628622ecc890e614e0296e4a45fe019a6d4541"}
,"/home/fandy/CODING/PROJECTS/FE_Okadoc_RN/utils/helper.js": {"path":"/home/fandy/CODING/PROJECTS/FE_Okadoc_RN/utils/helper.js","statementMap":{"0":{"start":{"line":3,"column":10},"end":{"line":3,"column":20}},"1":{"start":{"line":3,"column":17},"end":{"line":3,"column":20}},"2":{"start":{"line":5,"column":15},"end":{"line":5,"column":25}},"3":{"start":{"line":5,"column":22},"end":{"line":5,"column":25}},"4":{"start":{"line":7,"column":9},"end":{"line":7,"column":10}},"5":{"start":{"line":8,"column":9},"end":{"line":8,"column":10}},"6":{"start":{"line":9,"column":8},"end":{"line":9,"column":9}},"7":{"start":{"line":10,"column":14},"end":{"line":10,"column":16}},"8":{"start":{"line":11,"column":16},"end":{"line":26,"column":3}},"9":{"start":{"line":13,"column":14},"end":{"line":13,"column":16}},"10":{"start":{"line":14,"column":4},"end":{"line":20,"column":32}},"11":{"start":{"line":15,"column":10},"end":{"line":15,"column":22}},"12":{"start":{"line":16,"column":10},"end":{"line":16,"column":20}},"13":{"start":{"line":17,"column":10},"end":{"line":17,"column":16}},"14":{"start":{"line":18,"column":10},"end":{"line":18,"column":16}},"15":{"start":{"line":19,"column":10},"end":{"line":19,"column":15}},"16":{"start":{"line":20,"column":10},"end":{"line":20,"column":30}},"17":{"start":{"line":21,"column":4},"end":{"line":21,"column":36}},"18":{"start":{"line":22,"column":4},"end":{"line":22,"column":16}},"19":{"start":{"line":23,"column":4},"end":{"line":23,"column":14}},"20":{"start":{"line":24,"column":4},"end":{"line":24,"column":11}},"21":{"start":{"line":25,"column":4},"end":{"line":25,"column":25}},"22":{"start":{"line":28,"column":16},"end":{"line":35,"column":1}},"23":{"start":{"line":29,"column":4},"end":{"line":33,"column":5}},"24":{"start":{"line":29,"column":16},"end":{"line":29,"column":17}},"25":{"start":{"line":30,"column":6},"end":{"line":32,"column":7}},"26":{"start":{"line":31,"column":10},"end":{"line":31,"column":22}},"27":{"start":{"line":34,"column":4},"end":{"line":34,"column":15}},"28":{"start":{"line":37,"column":14},"end":{"line":46,"column":2}},"29":{"start":{"line":39,"column":18},"end":{"line":39,"column":20}},"30":{"start":{"line":40,"column":14},"end":{"line":40,"column":15}},"31":{"start":{"line":41,"column":6},"end":{"line":44,"column":7}},"32":{"start":{"line":42,"column":8},"end":{"line":42,"column":33}},"33":{"start":{"line":43,"column":8},"end":{"line":43,"column":31}},"34":{"start":{"line":45,"column":6},"end":{"line":45,"column":26}},"35":{"start":{"line":48,"column":1},"end":{"line":48,"column":54}}},"fnMap":{"0":{"name":"(anonymous_0)","decl":{"start":{"line":3,"column":10},"end":{"line":3,"column":11}},"loc":{"start":{"line":3,"column":17},"end":{"line":3,"column":20}},"line":3},"1":{"name":"(anonymous_1)","decl":{"start":{"line":5,"column":15},"end":{"line":5,"column":16}},"loc":{"start":{"line":5,"column":22},"end":{"line":5,"column":25}},"line":5},"2":{"name":"(anonymous_2)","decl":{"start":{"line":11,"column":16},"end":{"line":11,"column":17}},"loc":{"start":{"line":11,"column":21},"end":{"line":26,"column":3}},"line":11},"3":{"name":"(anonymous_3)","decl":{"start":{"line":28,"column":16},"end":{"line":28,"column":17}},"loc":{"start":{"line":28,"column":23},"end":{"line":35,"column":1}},"line":28},"4":{"name":"(anonymous_4)","decl":{"start":{"line":37,"column":14},"end":{"line":37,"column":15}},"loc":{"start":{"line":37,"column":19},"end":{"line":46,"column":2}},"line":37}},"branchMap":{"0":{"loc":{"start":{"line":14,"column":4},"end":{"line":20,"column":32}},"type":"if","locations":[{"start":{"line":14,"column":4},"end":{"line":20,"column":32}},{"start":{"line":14,"column":4},"end":{"line":20,"column":32}}],"line":14},"1":{"loc":{"start":{"line":30,"column":6},"end":{"line":32,"column":7}},"type":"if","locations":[{"start":{"line":30,"column":6},"end":{"line":32,"column":7}},{"start":{"line":30,"column":6},"end":{"line":32,"column":7}}],"line":30},"2":{"loc":{"start":{"line":42,"column":8},"end":{"line":42,"column":33}},"type":"binary-expr","locations":[{"start":{"line":42,"column":8},"end":{"line":42,"column":18}},{"start":{"line":42,"column":22},"end":{"line":42,"column":33}}],"line":42},"3":{"loc":{"start":{"line":43,"column":12},"end":{"line":43,"column":31}},"type":"cond-expr","locations":[{"start":{"line":43,"column":22},"end":{"line":43,"column":25}},{"start":{"line":43,"column":28},"end":{"line":43,"column":31}}],"line":43}},"s":{"0":5,"1":4,"2":5,"3":3,"4":5,"5":5,"6":5,"7":5,"8":5,"9":8,"10":8,"11":2,"12":2,"13":2,"14":2,"15":2,"16":2,"17":6,"18":6,"19":6,"20":6,"21":6,"22":5,"23":8,"24":8,"25":5,"26":1,"27":7,"28":5,"29":2,"30":2,"31":2,"32":6,"33":6,"34":2,"35":5},"f":{"0":4,"1":3,"2":8,"3":8,"4":2},"b":{"0":[2,6],"1":[1,4],"2":[6,6],"3":[2,4]},"_coverageSchema":"1a1c01bbd47fc00a2c39e90264f33305004495a9","hash":"ef619ed75eed73512a870a60ab4f78f9b9a6127f"}
}
