{"/home/fandy/CODING/PROJECTS/FE_Okadoc_RN/App.js": {"path":"/home/fandy/CODING/PROJECTS/FE_Okadoc_RN/App.js","statementMap":{"0":{"start":{"line":9,"column":12},"end":{"line":9,"column":19}},"1":{"start":{"line":10,"column":19},"end":{"line":54,"column":1}},"2":{"start":{"line":12,"column":23},"end":{"line":12,"column":37}},"3":{"start":{"line":13,"column":29},"end":{"line":13,"column":40}},"4":{"start":{"line":16,"column":4},"end":{"line":53,"column":5}},"5":{"start":{"line":28,"column":34},"end":{"line":28,"column":46}},"6":{"start":{"line":33,"column":24},"end":{"line":36,"column":25}},"7":{"start":{"line":34,"column":26},"end":{"line":34,"column":55}},"8":{"start":{"line":35,"column":26},"end":{"line":35,"column":62}},"9":{"start":{"line":37,"column":24},"end":{"line":37,"column":39}},"10":{"start":{"line":45,"column":24},"end":{"line":45,"column":36}},"11":{"start":{"line":46,"column":24},"end":{"line":46,"column":35}},"12":{"start":{"line":47,"column":24},"end":{"line":47,"column":33}}},"fnMap":{"0":{"name":"(anonymous_0)","decl":{"start":{"line":10,"column":19},"end":{"line":10,"column":20}},"loc":{"start":{"line":10,"column":30},"end":{"line":54,"column":1}},"line":10},"1":{"name":"(anonymous_1)","decl":{"start":{"line":28,"column":26},"end":{"line":28,"column":27}},"loc":{"start":{"line":28,"column":34},"end":{"line":28,"column":46}},"line":28},"2":{"name":"(anonymous_2)","decl":{"start":{"line":32,"column":34},"end":{"line":32,"column":35}},"loc":{"start":{"line":32,"column":43},"end":{"line":38,"column":23}},"line":32},"3":{"name":"(anonymous_3)","decl":{"start":{"line":44,"column":57},"end":{"line":44,"column":58}},"loc":{"start":{"line":44,"column":63},"end":{"line":48,"column":22}},"line":44}},"branchMap":{"0":{"loc":{"start":{"line":21,"column":33},"end":{"line":21,"column":78}},"type":"cond-expr","locations":[{"start":{"line":21,"column":44},"end":{"line":21,"column":67}},{"start":{"line":21,"column":70},"end":{"line":21,"column":78}}],"line":21},"1":{"loc":{"start":{"line":24,"column":19},"end":{"line":24,"column":208}},"type":"cond-expr","locations":[{"start":{"line":24,"column":39},"end":{"line":24,"column":49}},{"start":{"line":24,"column":52},"end":{"line":24,"column":208}}],"line":24},"2":{"loc":{"start":{"line":24,"column":20},"end":{"line":24,"column":35}},"type":"binary-expr","locations":[{"start":{"line":24,"column":20},"end":{"line":24,"column":26}},{"start":{"line":24,"column":30},"end":{"line":24,"column":35}}],"line":24},"3":{"loc":{"start":{"line":24,"column":52},"end":{"line":24,"column":208}},"type":"cond-expr","locations":[{"start":{"line":24,"column":72},"end":{"line":24,"column":87}},{"start":{"line":24,"column":90},"end":{"line":24,"column":208}}],"line":24},"4":{"loc":{"start":{"line":24,"column":53},"end":{"line":24,"column":68}},"type":"binary-expr","locations":[{"start":{"line":24,"column":53},"end":{"line":24,"column":59}},{"start":{"line":24,"column":63},"end":{"line":24,"column":68}}],"line":24},"5":{"loc":{"start":{"line":24,"column":90},"end":{"line":24,"column":208}},"type":"cond-expr","locations":[{"start":{"line":24,"column":110},"end":{"line":24,"column":122}},{"start":{"line":24,"column":124},"end":{"line":24,"column":208}}],"line":24},"6":{"loc":{"start":{"line":24,"column":91},"end":{"line":24,"column":106}},"type":"binary-expr","locations":[{"start":{"line":24,"column":91},"end":{"line":24,"column":97}},{"start":{"line":24,"column":101},"end":{"line":24,"column":106}}],"line":24},"7":{"loc":{"start":{"line":24,"column":124},"end":{"line":24,"column":208}},"type":"cond-expr","locations":[{"start":{"line":24,"column":145},"end":{"line":24,"column":161}},{"start":{"line":24,"column":164},"end":{"line":24,"column":208}}],"line":24},"8":{"loc":{"start":{"line":24,"column":125},"end":{"line":24,"column":140}},"type":"binary-expr","locations":[{"start":{"line":24,"column":125},"end":{"line":24,"column":131}},{"start":{"line":24,"column":135},"end":{"line":24,"column":140}}],"line":24},"9":{"loc":{"start":{"line":24,"column":164},"end":{"line":24,"column":208}},"type":"cond-expr","locations":[{"start":{"line":24,"column":176},"end":{"line":24,"column":199}},{"start":{"line":24,"column":200},"end":{"line":24,"column":208}}],"line":24},"10":{"loc":{"start":{"line":29,"column":33},"end":{"line":29,"column":77}},"type":"cond-expr","locations":[{"start":{"line":29,"column":44},"end":{"line":29,"column":67}},{"start":{"line":29,"column":70},"end":{"line":29,"column":77}}],"line":29},"11":{"loc":{"start":{"line":30,"column":31},"end":{"line":30,"column":58}},"type":"cond-expr","locations":[{"start":{"line":30,"column":52},"end":{"line":30,"column":53}},{"start":{"line":30,"column":56},"end":{"line":30,"column":58}}],"line":30},"12":{"loc":{"start":{"line":30,"column":32},"end":{"line":30,"column":48}},"type":"binary-expr","locations":[{"start":{"line":30,"column":32},"end":{"line":30,"column":38}},{"start":{"line":30,"column":42},"end":{"line":30,"column":48}}],"line":30},"13":{"loc":{"start":{"line":33,"column":24},"end":{"line":36,"column":25}},"type":"if","locations":[{"start":{"line":33,"column":24},"end":{"line":36,"column":25}},{"start":{"line":33,"column":24},"end":{"line":36,"column":25}}],"line":33},"14":{"loc":{"start":{"line":33,"column":27},"end":{"line":33,"column":70}},"type":"binary-expr","locations":[{"start":{"line":33,"column":27},"end":{"line":33,"column":47}},{"start":{"line":33,"column":52},"end":{"line":33,"column":58}},{"start":{"line":33,"column":62},"end":{"line":33,"column":68}}],"line":33}},"s":{"0":1,"1":1,"2":1,"3":1,"4":1,"5":1,"6":0,"7":0,"8":0,"9":0,"10":0,"11":0,"12":0},"f":{"0":1,"1":1,"2":0,"3":0},"b":{"0":[0,1],"1":[0,1],"2":[1,0],"3":[0,1],"4":[1,0],"5":[0,1],"6":[1,0],"7":[0,1],"8":[1,0],"9":[0,1],"10":[0,1],"11":[0,1],"12":[1,1],"13":[0,0],"14":[0,0,0]},"_coverageSchema":"1a1c01bbd47fc00a2c39e90264f33305004495a9","hash":"b00c08da24d854820eb5b338834233511cb65a82"}
,"/home/fandy/CODING/PROJECTS/FE_Okadoc_RN/components/FlatListComponent.js": {"path":"/home/fandy/CODING/PROJECTS/FE_Okadoc_RN/components/FlatListComponent.js","statementMap":{"0":{"start":{"line":5,"column":13},"end":{"line":5,"column":20}},"1":{"start":{"line":7,"column":26},"end":{"line":33,"column":1}},"2":{"start":{"line":8,"column":38},"end":{"line":8,"column":52}},"3":{"start":{"line":11,"column":2},"end":{"line":32,"column":3}},"4":{"start":{"line":15,"column":30},"end":{"line":15,"column":37}},"5":{"start":{"line":17,"column":16},"end":{"line":28,"column":18}},"6":{"start":{"line":21,"column":24},"end":{"line":21,"column":46}},"7":{"start":{"line":22,"column":24},"end":{"line":22,"column":47}}},"fnMap":{"0":{"name":"(anonymous_0)","decl":{"start":{"line":7,"column":26},"end":{"line":7,"column":27}},"loc":{"start":{"line":7,"column":37},"end":{"line":33,"column":1}},"line":7},"1":{"name":"(anonymous_1)","decl":{"start":{"line":15,"column":22},"end":{"line":15,"column":23}},"loc":{"start":{"line":15,"column":30},"end":{"line":15,"column":37}},"line":15},"2":{"name":"(anonymous_2)","decl":{"start":{"line":16,"column":22},"end":{"line":16,"column":23}},"loc":{"start":{"line":17,"column":16},"end":{"line":28,"column":18}},"line":17},"3":{"name":"(anonymous_3)","decl":{"start":{"line":20,"column":29},"end":{"line":20,"column":30}},"loc":{"start":{"line":20,"column":35},"end":{"line":24,"column":23}},"line":20}},"branchMap":{"0":{"loc":{"start":{"line":18,"column":39},"end":{"line":18,"column":83}},"type":"cond-expr","locations":[{"start":{"line":18,"column":64},"end":{"line":18,"column":71}},{"start":{"line":18,"column":74},"end":{"line":18,"column":83}}],"line":18}},"s":{"0":1,"1":1,"2":1,"3":1,"4":4,"5":4,"6":0,"7":0},"f":{"0":1,"1":4,"2":4,"3":0},"b":{"0":[0,4]},"_coverageSchema":"1a1c01bbd47fc00a2c39e90264f33305004495a9","hash":"ba3f47d90123bb011405d8f1532efc37f3c0bd6f"}
,"/home/fandy/CODING/PROJECTS/FE_Okadoc_RN/components/TextInputComponent.js": {"path":"/home/fandy/CODING/PROJECTS/FE_Okadoc_RN/components/TextInputComponent.js","statementMap":{"0":{"start":{"line":7,"column":12},"end":{"line":7,"column":19}},"1":{"start":{"line":9,"column":27},"end":{"line":24,"column":1}},"2":{"start":{"line":11,"column":4},"end":{"line":23,"column":5}},"3":{"start":{"line":25,"column":15},"end":{"line":39,"column":1}}},"fnMap":{"0":{"name":"(anonymous_0)","decl":{"start":{"line":9,"column":27},"end":{"line":9,"column":28}},"loc":{"start":{"line":9,"column":38},"end":{"line":24,"column":1}},"line":9}},"branchMap":{},"s":{"0":1,"1":1,"2":2,"3":1},"f":{"0":2},"b":{},"_coverageSchema":"1a1c01bbd47fc00a2c39e90264f33305004495a9","hash":"68ca8e8d1fe972e61b0bd7e4ff727eb734bf5ec5"}
,"/home/fandy/CODING/PROJECTS/FE_Okadoc_RN/components/TouchableOpacityComponent.js": {"path":"/home/fandy/CODING/PROJECTS/FE_Okadoc_RN/components/TouchableOpacityComponent.js","statementMap":{"0":{"start":{"line":6,"column":34},"end":{"line":20,"column":1}},"1":{"start":{"line":7,"column":26},"end":{"line":7,"column":60}},"2":{"start":{"line":8,"column":4},"end":{"line":19,"column":5}},"3":{"start":{"line":22,"column":15},"end":{"line":36,"column":1}}},"fnMap":{"0":{"name":"(anonymous_0)","decl":{"start":{"line":6,"column":34},"end":{"line":6,"column":35}},"loc":{"start":{"line":6,"column":45},"end":{"line":20,"column":1}},"line":6}},"branchMap":{"0":{"loc":{"start":{"line":7,"column":26},"end":{"line":7,"column":60}},"type":"binary-expr","locations":[{"start":{"line":7,"column":26},"end":{"line":7,"column":47}},{"start":{"line":7,"column":51},"end":{"line":7,"column":60}}],"line":7}},"s":{"0":1,"1":4,"2":4,"3":1},"f":{"0":4},"b":{"0":[4,0]},"_coverageSchema":"1a1c01bbd47fc00a2c39e90264f33305004495a9","hash":"67677912a35410d7336e0c28ea5207f6627e1b04"}
,"/home/fandy/CODING/PROJECTS/FE_Okadoc_RN/constans/general.js": {"path":"/home/fandy/CODING/PROJECTS/FE_Okadoc_RN/constans/general.js","statementMap":{"0":{"start":{"line":3,"column":13},"end":{"line":24,"column":3}},"1":{"start":{"line":26,"column":2},"end":{"line":26,"column":23}}},"fnMap":{},"branchMap":{},"s":{"0":1,"1":1},"f":{},"b":{},"_coverageSchema":"1a1c01bbd47fc00a2c39e90264f33305004495a9","hash":"d6628622ecc890e614e0296e4a45fe019a6d4541"}
,"/home/fandy/CODING/PROJECTS/FE_Okadoc_RN/utils/helper.js": {"path":"/home/fandy/CODING/PROJECTS/FE_Okadoc_RN/utils/helper.js","statementMap":{"0":{"start":{"line":2,"column":13},"end":{"line":2,"column":20}},"1":{"start":{"line":4,"column":10},"end":{"line":10,"column":1}},"2":{"start":{"line":6,"column":22},"end":{"line":6,"column":42}},"3":{"start":{"line":7,"column":23},"end":{"line":7,"column":43}},"4":{"start":{"line":8,"column":6},"end":{"line":8,"column":39}},"5":{"start":{"line":12,"column":15},"end":{"line":19,"column":1}},"6":{"start":{"line":15,"column":20},"end":{"line":15,"column":40}},"7":{"start":{"line":16,"column":21},"end":{"line":16,"column":41}},"8":{"start":{"line":17,"column":4},"end":{"line":17,"column":37}},"9":{"start":{"line":21,"column":9},"end":{"line":21,"column":10}},"10":{"start":{"line":22,"column":9},"end":{"line":22,"column":10}},"11":{"start":{"line":23,"column":8},"end":{"line":23,"column":9}},"12":{"start":{"line":24,"column":14},"end":{"line":24,"column":16}},"13":{"start":{"line":25,"column":16},"end":{"line":41,"column":3}},"14":{"start":{"line":27,"column":10},"end":{"line":27,"column":16}},"15":{"start":{"line":28,"column":14},"end":{"line":28,"column":16}},"16":{"start":{"line":29,"column":4},"end":{"line":35,"column":32}},"17":{"start":{"line":30,"column":10},"end":{"line":30,"column":22}},"18":{"start":{"line":31,"column":10},"end":{"line":31,"column":20}},"19":{"start":{"line":32,"column":10},"end":{"line":32,"column":16}},"20":{"start":{"line":33,"column":10},"end":{"line":33,"column":16}},"21":{"start":{"line":34,"column":10},"end":{"line":34,"column":15}},"22":{"start":{"line":35,"column":10},"end":{"line":35,"column":30}},"23":{"start":{"line":36,"column":4},"end":{"line":36,"column":36}},"24":{"start":{"line":37,"column":4},"end":{"line":37,"column":16}},"25":{"start":{"line":38,"column":4},"end":{"line":38,"column":14}},"26":{"start":{"line":39,"column":4},"end":{"line":39,"column":11}},"27":{"start":{"line":40,"column":4},"end":{"line":40,"column":25}},"28":{"start":{"line":43,"column":16},"end":{"line":51,"column":1}},"29":{"start":{"line":45,"column":4},"end":{"line":49,"column":5}},"30":{"start":{"line":45,"column":16},"end":{"line":45,"column":17}},"31":{"start":{"line":46,"column":6},"end":{"line":48,"column":7}},"32":{"start":{"line":47,"column":10},"end":{"line":47,"column":22}},"33":{"start":{"line":50,"column":4},"end":{"line":50,"column":15}},"34":{"start":{"line":53,"column":14},"end":{"line":63,"column":2}},"35":{"start":{"line":55,"column":12},"end":{"line":55,"column":18}},"36":{"start":{"line":56,"column":18},"end":{"line":56,"column":20}},"37":{"start":{"line":57,"column":14},"end":{"line":57,"column":15}},"38":{"start":{"line":58,"column":6},"end":{"line":61,"column":7}},"39":{"start":{"line":59,"column":8},"end":{"line":59,"column":33}},"40":{"start":{"line":60,"column":8},"end":{"line":60,"column":31}},"41":{"start":{"line":62,"column":6},"end":{"line":62,"column":26}},"42":{"start":{"line":65,"column":1},"end":{"line":65,"column":54}}},"fnMap":{"0":{"name":"(anonymous_0)","decl":{"start":{"line":4,"column":10},"end":{"line":4,"column":11}},"loc":{"start":{"line":4,"column":19},"end":{"line":10,"column":1}},"line":4},"1":{"name":"(anonymous_1)","decl":{"start":{"line":12,"column":15},"end":{"line":12,"column":16}},"loc":{"start":{"line":12,"column":24},"end":{"line":19,"column":1}},"line":12},"2":{"name":"(anonymous_2)","decl":{"start":{"line":25,"column":16},"end":{"line":25,"column":17}},"loc":{"start":{"line":25,"column":23},"end":{"line":41,"column":3}},"line":25},"3":{"name":"(anonymous_3)","decl":{"start":{"line":43,"column":16},"end":{"line":43,"column":17}},"loc":{"start":{"line":43,"column":23},"end":{"line":51,"column":1}},"line":43},"4":{"name":"(anonymous_4)","decl":{"start":{"line":53,"column":14},"end":{"line":53,"column":15}},"loc":{"start":{"line":53,"column":23},"end":{"line":63,"column":2}},"line":53}},"branchMap":{"0":{"loc":{"start":{"line":29,"column":4},"end":{"line":35,"column":32}},"type":"if","locations":[{"start":{"line":29,"column":4},"end":{"line":35,"column":32}},{"start":{"line":29,"column":4},"end":{"line":35,"column":32}}],"line":29},"1":{"loc":{"start":{"line":46,"column":6},"end":{"line":48,"column":7}},"type":"if","locations":[{"start":{"line":46,"column":6},"end":{"line":48,"column":7}},{"start":{"line":46,"column":6},"end":{"line":48,"column":7}}],"line":46},"2":{"loc":{"start":{"line":59,"column":8},"end":{"line":59,"column":33}},"type":"binary-expr","locations":[{"start":{"line":59,"column":8},"end":{"line":59,"column":18}},{"start":{"line":59,"column":22},"end":{"line":59,"column":33}}],"line":59},"3":{"loc":{"start":{"line":60,"column":12},"end":{"line":60,"column":31}},"type":"cond-expr","locations":[{"start":{"line":60,"column":22},"end":{"line":60,"column":25}},{"start":{"line":60,"column":28},"end":{"line":60,"column":31}}],"line":60}},"s":{"0":6,"1":6,"2":4,"3":4,"4":4,"5":6,"6":3,"7":3,"8":3,"9":6,"10":6,"11":6,"12":6,"13":6,"14":8,"15":8,"16":8,"17":2,"18":2,"19":2,"20":2,"21":2,"22":2,"23":6,"24":6,"25":6,"26":6,"27":6,"28":6,"29":16,"30":16,"31":10,"32":2,"33":14,"34":6,"35":4,"36":4,"37":4,"38":4,"39":12,"40":12,"41":4,"42":6},"f":{"0":4,"1":3,"2":8,"3":16,"4":4},"b":{"0":[2,6],"1":[2,8],"2":[12,12],"3":[4,8]},"_coverageSchema":"1a1c01bbd47fc00a2c39e90264f33305004495a9","hash":"7194cf1a2d6f4310b6088ba9ddeda7555087ecf9"}
}
