TN:
SF:App.js
FN:10,(anonymous_0)
FN:28,(anonymous_1)
FN:32,(anonymous_2)
FN:44,(anonymous_3)
FNF:4
FNH:2
FNDA:1,(anonymous_0)
FNDA:1,(anonymous_1)
FNDA:0,(anonymous_2)
FNDA:0,(anonymous_3)
DA:9,1
DA:10,1
DA:12,1
DA:13,1
DA:16,1
DA:28,1
DA:33,0
DA:34,0
DA:35,0
DA:37,0
DA:45,0
DA:46,0
DA:47,0
LF:13
LH:6
BRDA:21,0,0,0
BRDA:21,0,1,1
BRDA:24,1,0,0
BRDA:24,1,1,1
BRDA:24,2,0,1
BRDA:24,2,1,0
BRDA:24,3,0,0
BRDA:24,3,1,1
BRDA:24,4,0,1
BRDA:24,4,1,0
BRDA:24,5,0,0
BRDA:24,5,1,1
BRDA:24,6,0,1
BRDA:24,6,1,0
BRDA:24,7,0,0
BRDA:24,7,1,1
BRDA:24,8,0,1
BRDA:24,8,1,0
BRDA:24,9,0,0
BRDA:24,9,1,1
BRDA:29,10,0,0
BRDA:29,10,1,1
BRDA:30,11,0,0
BRDA:30,11,1,1
BRDA:30,12,0,1
BRDA:30,12,1,1
BRDA:33,13,0,0
BRDA:33,13,1,0
BRDA:33,14,0,0
BRDA:33,14,1,0
BRDA:33,14,2,0
BRF:31
BRH:14
end_of_record
TN:
SF:components/FlatListComponent.js
FN:7,(anonymous_0)
FN:15,(anonymous_1)
FN:16,(anonymous_2)
FN:20,(anonymous_3)
FNF:4
FNH:3
FNDA:1,(anonymous_0)
FNDA:4,(anonymous_1)
FNDA:4,(anonymous_2)
FNDA:0,(anonymous_3)
DA:5,1
DA:7,1
DA:8,1
DA:11,1
DA:15,4
DA:17,4
DA:21,0
DA:22,0
LF:8
LH:6
BRDA:18,0,0,0
BRDA:18,0,1,4
BRF:2
BRH:1
end_of_record
TN:
SF:components/TextInputComponent.js
FN:9,(anonymous_0)
FNF:1
FNH:1
FNDA:2,(anonymous_0)
DA:7,1
DA:9,1
DA:11,2
DA:25,1
LF:4
LH:4
BRF:0
BRH:0
end_of_record
TN:
SF:components/TouchableOpacityComponent.js
FN:6,(anonymous_0)
FNF:1
FNH:1
FNDA:4,(anonymous_0)
DA:6,1
DA:7,4
DA:8,4
DA:22,1
LF:4
LH:4
BRDA:7,0,0,4
BRDA:7,0,1,0
BRF:2
BRH:1
end_of_record
TN:
SF:constans/general.js
FNF:0
FNH:0
DA:3,1
DA:26,1
LF:2
LH:2
BRF:0
BRH:0
end_of_record
TN:
SF:utils/helper.js
FN:4,(anonymous_0)
FN:12,(anonymous_1)
FN:25,(anonymous_2)
FN:43,(anonymous_3)
FN:53,(anonymous_4)
FNF:5
FNH:5
FNDA:4,(anonymous_0)
FNDA:3,(anonymous_1)
FNDA:8,(anonymous_2)
FNDA:16,(anonymous_3)
FNDA:4,(anonymous_4)
DA:2,6
DA:4,6
DA:6,4
DA:7,4
DA:8,4
DA:12,6
DA:15,3
DA:16,3
DA:17,3
DA:21,6
DA:22,6
DA:23,6
DA:24,6
DA:25,6
DA:27,8
DA:28,8
DA:29,8
DA:30,2
DA:31,2
DA:32,2
DA:33,2
DA:34,2
DA:35,2
DA:36,6
DA:37,6
DA:38,6
DA:39,6
DA:40,6
DA:43,6
DA:45,16
DA:46,10
DA:47,2
DA:50,14
DA:53,6
DA:55,4
DA:56,4
DA:57,4
DA:58,4
DA:59,12
DA:60,12
DA:63,4
DA:66,6
LF:42
LH:42
BRDA:29,0,0,2
BRDA:29,0,1,6
BRDA:46,1,0,2
BRDA:46,1,1,8
BRDA:59,2,0,12
BRDA:59,2,1,12
BRDA:60,3,0,4
BRDA:60,3,1,8
BRF:8
BRH:8
end_of_record
