TN:
SF:App.js
FN:10,(anonymous_0)
FN:35,(anonymous_1)
FN:41,(anonymous_2)
FN:58,(anonymous_3)
FN:66,(anonymous_4)
FNF:5
FNH:2
FNDA:1,(anonymous_0)
FNDA:1,(anonymous_1)
FNDA:0,(anonymous_2)
FNDA:0,(anonymous_3)
FNDA:0,(anonymous_4)
DA:9,1
DA:10,1
DA:12,1
DA:13,1
DA:14,1
DA:16,1
DA:35,1
DA:42,0
DA:43,0
DA:44,0
DA:46,0
DA:59,0
DA:67,0
DA:68,0
DA:69,0
DA:70,0
LF:16
LH:7
BRDA:23,0,0,0
BRDA:23,0,1,1
BRDA:27,1,0,0
BRDA:27,1,1,1
BRDA:27,2,0,1
BRDA:27,2,1,1
BRDA:31,3,0,0
BRDA:31,3,1,1
BRDA:31,4,0,1
BRDA:31,4,1,0
BRDA:31,4,2,0
BRDA:31,5,0,0
BRDA:31,5,1,1
BRDA:31,6,0,1
BRDA:31,6,1,0
BRDA:31,6,2,0
BRDA:31,7,0,0
BRDA:31,7,1,1
BRDA:31,8,0,1
BRDA:31,8,1,0
BRDA:31,9,0,0
BRDA:31,9,1,1
BRDA:31,10,0,1
BRDA:31,10,1,0
BRDA:31,11,0,1
BRDA:31,11,1,0
BRDA:36,12,0,0
BRDA:36,12,1,1
BRDA:39,13,0,0
BRDA:39,13,1,1
BRDA:39,14,0,1
BRDA:39,14,1,1
BRDA:42,15,0,0
BRDA:42,15,1,0
BRDA:42,16,0,0
BRDA:42,16,1,0
BRDA:42,16,2,0
BRDA:53,17,0,0
BRDA:53,17,1,1
BRDA:54,18,0,0
BRDA:54,18,1,1
BRDA:54,19,0,1
BRDA:54,19,1,1
BRDA:56,20,0,0
BRDA:56,20,1,1
BRDA:56,21,0,1
BRDA:56,21,1,1
BRF:47
BRH:24
end_of_record
TN:
SF:components/FlatListComponent.js
FN:7,(anonymous_0)
FN:15,(anonymous_1)
FN:16,(anonymous_2)
FN:20,(anonymous_3)
FNF:4
FNH:3
FNDA:1,(anonymous_0)
FNDA:4,(anonymous_1)
FNDA:4,(anonymous_2)
FNDA:0,(anonymous_3)
DA:5,1
DA:7,1
DA:8,1
DA:11,1
DA:15,4
DA:17,4
DA:21,0
DA:22,0
LF:8
LH:6
BRDA:18,0,0,0
BRDA:18,0,1,4
BRF:2
BRH:1
end_of_record
TN:
SF:components/TextInputComponent.js
FN:9,(anonymous_0)
FNF:1
FNH:1
FNDA:3,(anonymous_0)
DA:7,1
DA:9,1
DA:11,3
DA:12,3
DA:13,3
DA:15,3
DA:29,1
LF:7
LH:7
BRF:0
BRH:0
end_of_record
TN:
SF:components/TouchableOpacityComponent.js
FN:6,(anonymous_0)
FNF:1
FNH:1
FNDA:4,(anonymous_0)
DA:6,1
DA:7,4
DA:8,4
DA:22,1
LF:4
LH:4
BRDA:7,0,0,4
BRDA:7,0,1,0
BRF:2
BRH:1
end_of_record
TN:
SF:constans/general.js
FNF:0
FNH:0
DA:3,1
DA:26,1
LF:2
LH:2
BRF:0
BRH:0
end_of_record
TN:
SF:utils/helper.js
FN:3,(anonymous_0)
FN:5,(anonymous_1)
FN:11,(anonymous_2)
FN:28,(anonymous_3)
FN:37,(anonymous_4)
FNF:5
FNH:5
FNDA:4,(anonymous_0)
FNDA:3,(anonymous_1)
FNDA:8,(anonymous_2)
FNDA:8,(anonymous_3)
FNDA:2,(anonymous_4)
DA:3,5
DA:5,5
DA:7,5
DA:8,5
DA:9,5
DA:10,5
DA:11,5
DA:13,8
DA:14,8
DA:15,2
DA:16,2
DA:17,2
DA:18,2
DA:19,2
DA:20,2
DA:21,6
DA:22,6
DA:23,6
DA:24,6
DA:25,6
DA:28,5
DA:29,8
DA:30,5
DA:31,1
DA:34,7
DA:37,5
DA:39,2
DA:40,2
DA:41,2
DA:42,6
DA:43,6
DA:45,2
DA:48,5
LF:33
LH:33
BRDA:14,0,0,2
BRDA:14,0,1,6
BRDA:30,1,0,1
BRDA:30,1,1,4
BRDA:42,2,0,6
BRDA:42,2,1,6
BRDA:43,3,0,2
BRDA:43,3,1,4
BRF:8
BRH:8
end_of_record
